[debug] > Exec(early(addDefaultCommands), None, None)
[debug] > Exec(addDefaultCommands, None, None)
[debug] > Exec(early(initialize), None, None)
[debug] > Exec(initialize, None, None)
[debug] > Exec(boot, None, None)
[debug] > Exec(writeSbtVersion, None, None)
[debug] > Exec(reload, None, None)
[debug] > Exec(sbtStashOnFailure, None, None)
[debug] > Exec(onFailure loadFailed, None, None)
[debug] > Exec(loadp, None, None)
[info] welcome to sbt 1.6.2 (Amazon.com Inc. Java 11.0.14.1)
[debug]       Load.loadUnit: plugins took 119.095368ms
[debug]       Load.loadUnit: defsScala took 0.364259ms
[debug] [Loading] Scanning directory /Users/devidattamohapatra/.sbt/1.0/plugins
[debug] [Loading] Found non-root projects 
[debug] [Loading] Done in /Users/devidattamohapatra/.sbt/1.0/plugins, returning: ()
[debug] deducing auto plugins based on known facts Set(Atom(sbt.plugins.CorePlugin)) and clauses Clauses(Clause(Atom(sbt.plugins.JvmPlugin),Set(Atom(sbt.plugins.IvyPlugin)))
[debug] Clause(Atom(sbt.ScriptedPlugin),Set(Atom(sbt.plugins.JvmPlugin)))
[debug] Clause(Atom(sbt.plugins.SbtPlugin),Set(Atom(sbt.ScriptedPlugin)))
[debug] Clause(Atom(sbt.plugins.SemanticdbPlugin),Set(Atom(sbt.plugins.JvmPlugin)))
[debug] Clause(Atom(sbt.plugins.JUnitXmlReportPlugin),Set(Atom(sbt.plugins.JvmPlugin)))
[debug] Clause(Atom(sbt.plugins.MiniDependencyTreePlugin),Set(Atom(sbt.plugins.JvmPlugin)))
[debug] Clause(Atom(sbt.plugins.CorePlugin),Set(Atom(sbt.plugins.IvyPlugin)))
[debug] Clause(Atom(sbt.plugins.IvyPlugin),Set(Atom(sbt.plugins.JvmPlugin)))
[debug] Clause(Atom(sbt.plugins.JvmPlugin),Set(Atom(sbt.plugins.SemanticdbPlugin)))
[debug] Clause(Atom(sbt.plugins.JvmPlugin),Set(Atom(sbt.plugins.JUnitXmlReportPlugin)))
[debug] Clause(Atom(sbt.plugins.CorePlugin),Set(Atom(sbt.plugins.Giter8TemplatePlugin)))
[debug] Clause(Atom(sbt.plugins.JvmPlugin),Set(Atom(sbt.plugins.MiniDependencyTreePlugin))))
[debug]   :: deduced result: Matched(sbt.plugins.CorePlugin,sbt.plugins.Giter8TemplatePlugin,sbt.plugins.IvyPlugin,sbt.plugins.JvmPlugin,sbt.plugins.MiniDependencyTreePlugin,sbt.plugins.JUnitXmlReportPlugin,sbt.plugins.SemanticdbPlugin)
[debug] Plugins.deducer#function took 21.797559 ms
[debug]           Load.resolveProject(global-plugins) took 71.086463ms
[debug]         Load.loadTransitive: finalizeProject(Project(id global-plugins, base: /Users/devidattamohapatra/.sbt/1.0/plugins, plugins: List(<none>))) took 135.862091ms
[debug] [Loading] Done in /Users/devidattamohapatra/.sbt/1.0/plugins, returning: (global-plugins)
[debug]       Load.loadUnit: loadedProjectsRaw took 170.141176ms
[debug]       Load.loadUnit: cleanEvalClasses took 0.307136ms
[debug]     Load.loadUnit(file:/Users/devidattamohapatra/.sbt/1.0/plugins/, ...) took 299.493416ms
[debug]   Load.apply: load took 579.179963ms
[debug]   Load.apply: resolveProjects took 8.313672ms
[debug]   Load.apply: finalTransforms took 67.048946ms
[debug]   Load.apply: config.delegates took 7.851457ms
[debug]   Load.apply: Def.make(settings)... took 482.00158ms
[debug]   Load.apply: structureIndex took 114.949039ms
[debug]   Load.apply: mkStreams took 2.614611ms
[info] loading global plugins from /Users/devidattamohapatra/.sbt/1.0/plugins
[debug] Running task... Cancel: Signal, check cycles: false, forcegc: true
[debug] Load.defaultLoad until apply took 5299.679916ms
[debug]           Load.loadUnit: plugins took 19.640468ms
[debug]           Load.loadUnit: defsScala took 0.002957ms
[debug] [Loading] Scanning directory /Users/devidattamohapatra/heart-beat-application/project
[debug]             Load.loadUnit: mkEval took 7.273138ms
[debug] [Loading] Found non-root projects 
[debug] [Loading] Done in /Users/devidattamohapatra/heart-beat-application/project, returning: ()
[debug] deducing auto plugins based on known facts Set(Atom(sbt.plugins.CorePlugin)) and clauses Clauses(Clause(Atom(sbt.plugins.JvmPlugin),Set(Atom(sbt.plugins.IvyPlugin)))
[debug] Clause(Atom(sbt.ScriptedPlugin),Set(Atom(sbt.plugins.JvmPlugin)))
[debug] Clause(Atom(sbt.plugins.SbtPlugin),Set(Atom(sbt.ScriptedPlugin)))
[debug] Clause(Atom(sbt.plugins.SemanticdbPlugin),Set(Atom(sbt.plugins.JvmPlugin)))
[debug] Clause(Atom(sbt.plugins.JUnitXmlReportPlugin),Set(Atom(sbt.plugins.JvmPlugin)))
[debug] Clause(Atom(sbt.plugins.MiniDependencyTreePlugin),Set(Atom(sbt.plugins.JvmPlugin)))
[debug] Clause(Atom(sbt.plugins.CorePlugin),Set(Atom(sbt.plugins.IvyPlugin)))
[debug] Clause(Atom(sbt.plugins.IvyPlugin),Set(Atom(sbt.plugins.JvmPlugin)))
[debug] Clause(Atom(sbt.plugins.JvmPlugin),Set(Atom(sbt.plugins.SemanticdbPlugin)))
[debug] Clause(Atom(sbt.plugins.JvmPlugin),Set(Atom(sbt.plugins.JUnitXmlReportPlugin)))
[debug] Clause(Atom(sbt.plugins.CorePlugin),Set(Atom(sbt.plugins.Giter8TemplatePlugin)))
[debug] Clause(Atom(sbt.plugins.JvmPlugin),Set(Atom(sbt.plugins.MiniDependencyTreePlugin))))
[debug]   :: deduced result: Matched(sbt.plugins.CorePlugin,sbt.plugins.Giter8TemplatePlugin,sbt.plugins.IvyPlugin,sbt.plugins.JvmPlugin,sbt.plugins.MiniDependencyTreePlugin,sbt.plugins.JUnitXmlReportPlugin,sbt.plugins.SemanticdbPlugin)
[debug] Plugins.deducer#function took 1.322573 ms
[info] loading settings for project heart-beat-application-build from plugin.sbt ...
[debug]               Load.resolveProject(heart-beat-application-build) took 1.991744ms
[debug]             Load.loadTransitive: finalizeProject(Project(id heart-beat-application-build, base: /Users/devidattamohapatra/heart-beat-application/project, plugins: List(<none>))) took 3.730989ms
[debug] [Loading] Done in /Users/devidattamohapatra/heart-beat-application/project, returning: (heart-beat-application-build)
[debug]           Load.loadUnit: loadedProjectsRaw took 1811.294353ms
[debug]           Load.loadUnit: cleanEvalClasses took 5.230366ms
[debug]         Load.loadUnit(file:/Users/devidattamohapatra/heart-beat-application/project/, ...) took 1836.854459ms
[debug]       Load.apply: load took 1837.966125ms
[debug]       Load.apply: resolveProjects took 0.087332ms
[debug]       Load.apply: finalTransforms took 28.236395ms
[debug]       Load.apply: config.delegates took 0.772608ms
[debug]       Load.apply: Def.make(settings)... took 74.399863ms
[debug]       Load.apply: structureIndex took 23.82926ms
[debug]       Load.apply: mkStreams took 0.002373ms
[info] loading project definition from /Users/devidattamohapatra/heart-beat-application/project
[debug] Running task... Cancel: Signal, check cycles: false, forcegc: true
[debug]     Load.loadUnit: plugins took 3028.275498ms
[debug]     Load.loadUnit: defsScala took 0.003591ms
[debug] [Loading] Scanning directory /Users/devidattamohapatra/heart-beat-application
[debug]       Load.loadUnit: mkEval took 0.186978ms
